Generated at 2013-10-04 19:17:16 +0900
Chef::Exceptions::CookbookNotFound: Cookbook windows not found. If you're loading windows from another cookbook, make sure you configure the dependency in your metadata
C:/dev/opscode/chef/embedded/lib/ruby/gems/1.9.1/gems/chef-11.6.0/lib/chef/cookbook/cookbook_collection.rb:38:in `block in initialize'
C:/dev/opscode/chef/embedded/lib/ruby/gems/1.9.1/gems/ohai-6.18.0/lib/ohai/mash.rb:77:in `yield'
C:/dev/opscode/chef/embedded/lib/ruby/gems/1.9.1/gems/ohai-6.18.0/lib/ohai/mash.rb:77:in `default'
C:/dev/opscode/chef/embedded/lib/ruby/gems/1.9.1/gems/ohai-6.18.0/lib/ohai/mash.rb:77:in `default'
C:/dev/opscode/chef/embedded/lib/ruby/gems/1.9.1/gems/chef-11.6.0/lib/chef/run_context/cookbook_compiler.rb:265:in `[]'
C:/dev/opscode/chef/embedded/lib/ruby/gems/1.9.1/gems/chef-11.6.0/lib/chef/run_context/cookbook_compiler.rb:265:in `each_cookbook_dep'
C:/dev/opscode/chef/embedded/lib/ruby/gems/1.9.1/gems/chef-11.6.0/lib/chef/run_context/cookbook_compiler.rb:243:in `add_cookbook_with_deps'
C:/dev/opscode/chef/embedded/lib/ruby/gems/1.9.1/gems/chef-11.6.0/lib/chef/run_context/cookbook_compiler.rb:87:in `block in cookbook_order'
C:/dev/opscode/chef/embedded/lib/ruby/gems/1.9.1/gems/chef-11.6.0/lib/chef/run_context/cookbook_compiler.rb:85:in `each'
C:/dev/opscode/chef/embedded/lib/ruby/gems/1.9.1/gems/chef-11.6.0/lib/chef/run_context/cookbook_compiler.rb:85:in `cookbook_order'
C:/dev/opscode/chef/embedded/lib/ruby/gems/1.9.1/gems/chef-11.6.0/lib/chef/run_context/cookbook_compiler.rb:97:in `compile_libraries'
C:/dev/opscode/chef/embedded/lib/ruby/gems/1.9.1/gems/chef-11.6.0/lib/chef/run_context/cookbook_compiler.rb:70:in `compile'
C:/dev/opscode/chef/embedded/lib/ruby/gems/1.9.1/gems/chef-11.6.0/lib/chef/run_context.rb:86:in `load'
C:/dev/opscode/chef/embedded/lib/ruby/gems/1.9.1/gems/chef-11.6.0/lib/chef/client.rb:249:in `setup_run_context'
C:/dev/opscode/chef/embedded/lib/ruby/gems/1.9.1/gems/chef-11.6.0/lib/chef/client.rb:492:in `do_run'
C:/dev/opscode/chef/embedded/lib/ruby/gems/1.9.1/gems/chef-11.6.0/lib/chef/client.rb:212:in `run'
C:/dev/opscode/chef/embedded/lib/ruby/gems/1.9.1/gems/chef-11.6.0/lib/chef/application.rb:183:in `run_chef_client'
C:/dev/opscode/chef/embedded/lib/ruby/gems/1.9.1/gems/chef-11.6.0/lib/chef/application/solo.rb:239:in `block in run_application'
C:/dev/opscode/chef/embedded/lib/ruby/gems/1.9.1/gems/chef-11.6.0/lib/chef/application/solo.rb:231:in `loop'
C:/dev/opscode/chef/embedded/lib/ruby/gems/1.9.1/gems/chef-11.6.0/lib/chef/application/solo.rb:231:in `run_application'
C:/dev/opscode/chef/embedded/lib/ruby/gems/1.9.1/gems/chef-11.6.0/lib/chef/application.rb:66:in `run'
C:/dev/opscode/chef/embedded/lib/ruby/gems/1.9.1/gems/chef-11.6.0/bin/chef-solo:25:in `<top (required)>'
C:/dev/opscode/chef/bin/chef-solo:23:in `load'
C:/dev/opscode/chef/bin/chef-solo:23:in `<main>'